CRITICAL - 2021-02-27 12:39:00 --> The framework needs the following extension(s) installed and loaded: {0}.
#0 C:\Program Files\Ampps\richard-apps\relat-smsemail\system\CodeIgniter.php(224): CodeIgniter\Exceptions\FrameworkException::forMissingExtension('intl')
#1 C:\Program Files\Ampps\richard-apps\relat-smsemail\system\CodeIgniter.php(172): CodeIgniter\CodeIgniter->resolvePlatformExtensions()
#2 C:\Program Files\Ampps\richard-apps\relat-smsemail\system\bootstrap.php(159): CodeIgniter\CodeIgniter->initialize()
#3 C:\Program Files\Ampps\www\sms-email\index.php(35): require('C:\\Program File...')
#4 {main}
CRITICAL - 2021-02-27 12:45:53 --> The framework needs the following extension(s) installed and loaded: {0}.
#0 C:\Program Files\Ampps\richard-apps\relat-smsemail\system\CodeIgniter.php(224): CodeIgniter\Exceptions\FrameworkException::forMissingExtension('intl')
#1 C:\Program Files\Ampps\richard-apps\relat-smsemail\system\CodeIgniter.php(172): CodeIgniter\CodeIgniter->resolvePlatformExtensions()
#2 C:\Program Files\Ampps\richard-apps\relat-smsemail\system\bootstrap.php(159): CodeIgniter\CodeIgniter->initialize()
#3 C:\Program Files\Ampps\richard-apps\relat-smsemail\spark(53): require('C:\\Program File...')
#4 {main}
CRITICAL - 2021-02-27 12:58:34 --> The framework needs the following extension(s) installed and loaded: {0}.
#0 C:\Program Files\Ampps\richard-apps\relat-smsemail\system\CodeIgniter.php(224): CodeIgniter\Exceptions\FrameworkException::forMissingExtension('intl')
#1 C:\Program Files\Ampps\richard-apps\relat-smsemail\system\CodeIgniter.php(172): CodeIgniter\CodeIgniter->resolvePlatformExtensions()
#2 C:\Program Files\Ampps\richard-apps\relat-smsemail\system\bootstrap.php(159): CodeIgniter\CodeIgniter->initialize()
#3 C:\Program Files\Ampps\www\sms-email\index.php(35): require('C:\\Program File...')
#4 {main}
CRITICAL - 2021-02-27 13:03:08 --> The framework needs the following extension(s) installed and loaded: {0}.
#0 C:\Program Files\Ampps\richard-apps\relat-smsemail\system\CodeIgniter.php(224): CodeIgniter\Exceptions\FrameworkException::forMissingExtension('intl')
#1 C:\Program Files\Ampps\richard-apps\relat-smsemail\system\CodeIgniter.php(172): CodeIgniter\CodeIgniter->resolvePlatformExtensions()
#2 C:\Program Files\Ampps\richard-apps\relat-smsemail\system\bootstrap.php(159): CodeIgniter\CodeIgniter->initialize()
#3 C:\Program Files\Ampps\www\sms-email\index.php(35): require('C:\\Program File...')
#4 {main}
CRITICAL - 2021-02-27 13:12:48 --> Call to undefined function CodeIgniter\locale_set_default()
#0 C:\Program Files\Ampps\richard-apps\relat-smsemail\system\bootstrap.php(159): CodeIgniter\CodeIgniter->initialize()
#1 C:\Program Files\Ampps\www\sms-email\index.php(35): require('C:\\Program File...')
#2 {main}
CRITICAL - 2021-02-27 13:13:13 --> The framework needs the following extension(s) installed and loaded: {0}.
#0 C:\Program Files\Ampps\richard-apps\relat-smsemail\system\CodeIgniter.php(224): CodeIgniter\Exceptions\FrameworkException::forMissingExtension('intl')
#1 C:\Program Files\Ampps\richard-apps\relat-smsemail\system\CodeIgniter.php(172): CodeIgniter\CodeIgniter->resolvePlatformExtensions()
#2 C:\Program Files\Ampps\richard-apps\relat-smsemail\system\bootstrap.php(159): CodeIgniter\CodeIgniter->initialize()
#3 C:\Program Files\Ampps\www\sms-email\index.php(35): require('C:\\Program File...')
#4 {main}
