CRITICAL - 2021-03-25 06:44:08 --> ibase_fetch_object(): conversion error from string &quot;&quot; 
#0 [internal function]: CodeIgniter\Debug\Exceptions->errorHandler(2, 'ibase_fetch_obj...', 'C:\\Program File...', 343, Array)
#1 C:\Program Files\Ampps\richard-apps\toolbox\system\FirebirdModel.php(343): ibase_fetch_object(Resource id #202)
#2 C:\Program Files\Ampps\richard-apps\toolbox\system\FirebirdModel.php(230): CodeIgniter\FirebirdModel->queryFetch('SELECT * FROM T...')
#3 C:\Program Files\Ampps\richard-apps\toolbox\app\Models\Repasse.php(19): CodeIgniter\FirebirdModel->findAll()
#4 C:\Program Files\Ampps\richard-apps\toolbox\app\Controllers\Repasses.php(26): App\Models\Repasse->repasses_entre('23.03.2021')
#5 C:\Program Files\Ampps\richard-apps\toolbox\app\Controllers\Repasses.php(16): App\Controllers\Repasses->exportarRepasses('23.03.2021')
#6 C:\Program Files\Ampps\richard-apps\toolbox\system\CodeIgniter.php(936): App\Controllers\Repasses->index()
#7 C:\Program Files\Ampps\richard-apps\toolbox\system\CodeIgniter.php(432): CodeIgniter\CodeIgniter->runController(Object(App\Controllers\Repasses))
#8 C:\Program Files\Ampps\richard-apps\toolbox\system\CodeIgniter.php(333): CodeIgniter\CodeIgniter->handleRequest(NULL, Object(Config\Cache), false)
#9 C:\Program Files\Ampps\www\toolbox\index.php(44): CodeIgniter\CodeIgniter->run()
#10 {main}
CRITICAL - 2021-03-25 06:48:37 --> ibase_fetch_object(): conversion error from string &quot;&quot; 
#0 [internal function]: CodeIgniter\Debug\Exceptions->errorHandler(2, 'ibase_fetch_obj...', 'C:\\Program File...', 343, Array)
#1 C:\Program Files\Ampps\richard-apps\toolbox\system\FirebirdModel.php(343): ibase_fetch_object(Resource id #202)
#2 C:\Program Files\Ampps\richard-apps\toolbox\system\FirebirdModel.php(230): CodeIgniter\FirebirdModel->queryFetch('SELECT * FROM T...')
#3 C:\Program Files\Ampps\richard-apps\toolbox\app\Models\Repasse.php(19): CodeIgniter\FirebirdModel->findAll()
#4 C:\Program Files\Ampps\richard-apps\toolbox\app\Controllers\Repasses.php(26): App\Models\Repasse->repasses_entre('23.03.2021')
#5 C:\Program Files\Ampps\richard-apps\toolbox\app\Controllers\Repasses.php(16): App\Controllers\Repasses->exportarRepasses('23.03.2021')
#6 C:\Program Files\Ampps\richard-apps\toolbox\system\CodeIgniter.php(936): App\Controllers\Repasses->index()
#7 C:\Program Files\Ampps\richard-apps\toolbox\system\CodeIgniter.php(432): CodeIgniter\CodeIgniter->runController(Object(App\Controllers\Repasses))
#8 C:\Program Files\Ampps\richard-apps\toolbox\system\CodeIgniter.php(333): CodeIgniter\CodeIgniter->handleRequest(NULL, Object(Config\Cache), false)
#9 C:\Program Files\Ampps\www\toolbox\index.php(44): CodeIgniter\CodeIgniter->run()
#10 {main}
CRITICAL - 2021-03-25 06:49:15 --> Invalid argument supplied for foreach()
#0 C:\Program Files\Ampps\richard-apps\toolbox\app\Controllers\Repasses.php(54): CodeIgniter\Debug\Exceptions->errorHandler(2, 'Invalid argumen...', 'C:\\Program File...', 54, Array)
#1 C:\Program Files\Ampps\richard-apps\toolbox\app\Controllers\Repasses.php(16): App\Controllers\Repasses->exportarRepasses('23.03.2021')
#2 C:\Program Files\Ampps\richard-apps\toolbox\system\CodeIgniter.php(936): App\Controllers\Repasses->index()
#3 C:\Program Files\Ampps\richard-apps\toolbox\system\CodeIgniter.php(432): CodeIgniter\CodeIgniter->runController(Object(App\Controllers\Repasses))
#4 C:\Program Files\Ampps\richard-apps\toolbox\system\CodeIgniter.php(333): CodeIgniter\CodeIgniter->handleRequest(NULL, Object(Config\Cache), false)
#5 C:\Program Files\Ampps\www\toolbox\index.php(44): CodeIgniter\CodeIgniter->run()
#6 {main}
CRITICAL - 2021-03-25 06:55:49 --> ibase_fetch_object(): conversion error from string &quot;&quot; 
#0 [internal function]: CodeIgniter\Debug\Exceptions->errorHandler(2, 'ibase_fetch_obj...', 'C:\\Program File...', 343, Array)
#1 C:\Program Files\Ampps\richard-apps\toolbox\system\FirebirdModel.php(343): ibase_fetch_object(Resource id #202)
#2 C:\Program Files\Ampps\richard-apps\toolbox\system\FirebirdModel.php(230): CodeIgniter\FirebirdModel->queryFetch('SELECT * FROM T...')
#3 C:\Program Files\Ampps\richard-apps\toolbox\app\Models\Repasse.php(19): CodeIgniter\FirebirdModel->findAll()
#4 C:\Program Files\Ampps\richard-apps\toolbox\app\Controllers\Repasses.php(26): App\Models\Repasse->repasses_entre('23.03.2021')
#5 C:\Program Files\Ampps\richard-apps\toolbox\app\Controllers\Repasses.php(16): App\Controllers\Repasses->exportarRepasses('23.03.2021')
#6 C:\Program Files\Ampps\richard-apps\toolbox\system\CodeIgniter.php(936): App\Controllers\Repasses->index()
#7 C:\Program Files\Ampps\richard-apps\toolbox\system\CodeIgniter.php(432): CodeIgniter\CodeIgniter->runController(Object(App\Controllers\Repasses))
#8 C:\Program Files\Ampps\richard-apps\toolbox\system\CodeIgniter.php(333): CodeIgniter\CodeIgniter->handleRequest(NULL, Object(Config\Cache), false)
#9 C:\Program Files\Ampps\www\toolbox\index.php(44): CodeIgniter\CodeIgniter->run()
#10 {main}
CRITICAL - 2021-03-25 07:21:01 --> ibase_query(): Dynamic SQL Error SQL error code = -104 Token unknown - line 1, column 64 = 
#0 [internal function]: CodeIgniter\Debug\Exceptions->errorHandler(2, 'ibase_query(): ...', 'C:\\Program File...', 332, Array)
#1 C:\Program Files\Ampps\richard-apps\toolbox\system\FirebirdModel.php(332): ibase_query('SELECT * FROM T...')
#2 C:\Program Files\Ampps\richard-apps\toolbox\system\FirebirdModel.php(230): CodeIgniter\FirebirdModel->queryFetch('SELECT * FROM T...')
#3 C:\Program Files\Ampps\richard-apps\toolbox\app\Models\Repasse.php(21): CodeIgniter\FirebirdModel->findAll()
#4 C:\Program Files\Ampps\richard-apps\toolbox\app\Controllers\Repasses.php(36): App\Models\Repasse->repasses_entre('23.03.2021', '25.03.2021')
#5 C:\Program Files\Ampps\richard-apps\toolbox\app\Controllers\Repasses.php(23): App\Controllers\Repasses->exportarRepasses('23.03.2021', '25.03.2021')
#6 C:\Program Files\Ampps\richard-apps\toolbox\system\CodeIgniter.php(936): App\Controllers\Repasses->index()
#7 C:\Program Files\Ampps\richard-apps\toolbox\system\CodeIgniter.php(432): CodeIgniter\CodeIgniter->runController(Object(App\Controllers\Repasses))
#8 C:\Program Files\Ampps\richard-apps\toolbox\system\CodeIgniter.php(333): CodeIgniter\CodeIgniter->handleRequest(NULL, Object(Config\Cache), false)
#9 C:\Program Files\Ampps\www\toolbox\index.php(44): CodeIgniter\CodeIgniter->run()
#10 {main}
