CRITICAL - 2021-03-05 14:28:56 --> Too few arguments to function App\Models\SmsModel::buscarDatas(), 2 passed in C:\Program Files\Ampps\richard-apps\relat-smsemail\app\Controllers\Relatorio.php on line 40 and exactly 3 expected
#0 C:\Program Files\Ampps\richard-apps\relat-smsemail\app\Controllers\Relatorio.php(40): App\Models\SmsModel->buscarDatas('2021-03-05', '2021-03-06')
#1 C:\Program Files\Ampps\richard-apps\relat-smsemail\system\CodeIgniter.php(936): App\Controllers\Relatorio->buscarDatas()
#2 C:\Program Files\Ampps\richard-apps\relat-smsemail\system\CodeIgniter.php(432): CodeIgniter\CodeIgniter->runController(Object(App\Controllers\Relatorio))
#3 C:\Program Files\Ampps\richard-apps\relat-smsemail\system\CodeIgniter.php(333): CodeIgniter\CodeIgniter->handleRequest(NULL, Object(Config\Cache), false)
#4 C:\Program Files\Ampps\www\sms-email\index.php(46): CodeIgniter\CodeIgniter->run()
#5 {main}
CRITICAL - 2021-03-05 14:28:59 --> Too few arguments to function App\Models\SmsModel::buscarDatas(), 2 passed in C:\Program Files\Ampps\richard-apps\relat-smsemail\app\Controllers\Relatorio.php on line 40 and exactly 3 expected
#0 C:\Program Files\Ampps\richard-apps\relat-smsemail\app\Controllers\Relatorio.php(40): App\Models\SmsModel->buscarDatas('2021-03-05', '2021-03-06')
#1 C:\Program Files\Ampps\richard-apps\relat-smsemail\system\CodeIgniter.php(936): App\Controllers\Relatorio->buscarDatas()
#2 C:\Program Files\Ampps\richard-apps\relat-smsemail\system\CodeIgniter.php(432): CodeIgniter\CodeIgniter->runController(Object(App\Controllers\Relatorio))
#3 C:\Program Files\Ampps\richard-apps\relat-smsemail\system\CodeIgniter.php(333): CodeIgniter\CodeIgniter->handleRequest(NULL, Object(Config\Cache), false)
#4 C:\Program Files\Ampps\www\sms-email\index.php(46): CodeIgniter\CodeIgniter->run()
#5 {main}
CRITICAL - 2021-03-05 14:31:41 --> Too few arguments to function App\Models\SmsModel::buscarDatas(), 2 passed in C:\Program Files\Ampps\richard-apps\relat-smsemail\app\Controllers\Relatorio.php on line 40 and exactly 3 expected
#0 C:\Program Files\Ampps\richard-apps\relat-smsemail\app\Controllers\Relatorio.php(40): App\Models\SmsModel->buscarDatas('2021-03-05', '2021-03-06')
#1 C:\Program Files\Ampps\richard-apps\relat-smsemail\system\CodeIgniter.php(936): App\Controllers\Relatorio->buscarDatas()
#2 C:\Program Files\Ampps\richard-apps\relat-smsemail\system\CodeIgniter.php(432): CodeIgniter\CodeIgniter->runController(Object(App\Controllers\Relatorio))
#3 C:\Program Files\Ampps\richard-apps\relat-smsemail\system\CodeIgniter.php(333): CodeIgniter\CodeIgniter->handleRequest(NULL, Object(Config\Cache), false)
#4 C:\Program Files\Ampps\www\sms-email\index.php(46): CodeIgniter\CodeIgniter->run()
#5 {main}
CRITICAL - 2021-03-05 14:33:13 --> Too few arguments to function App\Models\SmsModel::buscarDatas(), 2 passed in C:\Program Files\Ampps\richard-apps\relat-smsemail\app\Controllers\Relatorio.php on line 40 and exactly 3 expected
#0 C:\Program Files\Ampps\richard-apps\relat-smsemail\app\Controllers\Relatorio.php(40): App\Models\SmsModel->buscarDatas('2021-03-05', '2021-03-06')
#1 C:\Program Files\Ampps\richard-apps\relat-smsemail\system\CodeIgniter.php(936): App\Controllers\Relatorio->buscarDatas()
#2 C:\Program Files\Ampps\richard-apps\relat-smsemail\system\CodeIgniter.php(432): CodeIgniter\CodeIgniter->runController(Object(App\Controllers\Relatorio))
#3 C:\Program Files\Ampps\richard-apps\relat-smsemail\system\CodeIgniter.php(333): CodeIgniter\CodeIgniter->handleRequest(NULL, Object(Config\Cache), false)
#4 C:\Program Files\Ampps\www\sms-email\index.php(46): CodeIgniter\CodeIgniter->run()
#5 {main}
CRITICAL - 2021-03-05 14:33:58 --> Too few arguments to function App\Models\SmsModel::buscarDatas(), 2 passed in C:\Program Files\Ampps\richard-apps\relat-smsemail\app\Controllers\Relatorio.php on line 41 and exactly 3 expected
#0 C:\Program Files\Ampps\richard-apps\relat-smsemail\app\Controllers\Relatorio.php(41): App\Models\SmsModel->buscarDatas('2021-03-05', '2021-03-06')
#1 C:\Program Files\Ampps\richard-apps\relat-smsemail\system\CodeIgniter.php(936): App\Controllers\Relatorio->buscarDatas()
#2 C:\Program Files\Ampps\richard-apps\relat-smsemail\system\CodeIgniter.php(432): CodeIgniter\CodeIgniter->runController(Object(App\Controllers\Relatorio))
#3 C:\Program Files\Ampps\richard-apps\relat-smsemail\system\CodeIgniter.php(333): CodeIgniter\CodeIgniter->handleRequest(NULL, Object(Config\Cache), false)
#4 C:\Program Files\Ampps\www\sms-email\index.php(46): CodeIgniter\CodeIgniter->run()
#5 {main}
CRITICAL - 2021-03-05 14:38:35 --> Class 'App\Model\SmsModel' not found
#0 C:\Program Files\Ampps\richard-apps\relat-smsemail\system\CodeIgniter.php(936): App\Controllers\Home->index()
#1 C:\Program Files\Ampps\richard-apps\relat-smsemail\system\CodeIgniter.php(432): CodeIgniter\CodeIgniter->runController(Object(App\Controllers\Home))
#2 C:\Program Files\Ampps\richard-apps\relat-smsemail\system\CodeIgniter.php(333): CodeIgniter\CodeIgniter->handleRequest(NULL, Object(Config\Cache), false)
#3 C:\Program Files\Ampps\www\sms-email\index.php(46): CodeIgniter\CodeIgniter->run()
#4 {main}
CRITICAL - 2021-03-05 15:46:17 --> Class 'App\Controllers\DateTime' not found
#0 C:\Program Files\Ampps\richard-apps\relat-smsemail\system\CodeIgniter.php(936): App\Controllers\Relatorio->downloadSheet()
#1 C:\Program Files\Ampps\richard-apps\relat-smsemail\system\CodeIgniter.php(432): CodeIgniter\CodeIgniter->runController(Object(App\Controllers\Relatorio))
#2 C:\Program Files\Ampps\richard-apps\relat-smsemail\system\CodeIgniter.php(333): CodeIgniter\CodeIgniter->handleRequest(NULL, Object(Config\Cache), false)
#3 C:\Program Files\Ampps\www\sms-email\index.php(46): CodeIgniter\CodeIgniter->run()
#4 {main}
ERROR - 2021-03-05 15:46:22 --> mysqli_sql_exception: You have an error in your SQL syntax; check the manual that corresponds to your MySQL server version for the right syntax to use near 'IS NULL
AND `criado_em` <= '2021-03-06'' at line 3 in C:\Program Files\Ampps\richard-apps\relat-smsemail\system\Database\MySQLi\Connection.php:314
Stack trace:
#0 C:\Program Files\Ampps\richard-apps\relat-smsemail\system\Database\MySQLi\Connection.php(314): mysqli->query('SELECT *\nFROM `...')
#1 C:\Program Files\Ampps\richard-apps\relat-smsemail\system\Database\BaseConnection.php(713): CodeIgniter\Database\MySQLi\Connection->execute('SELECT *\nFROM `...')
#2 C:\Program Files\Ampps\richard-apps\relat-smsemail\system\Database\BaseConnection.php(641): CodeIgniter\Database\BaseConnection->simpleQuery('SELECT *\nFROM `...')
#3 C:\Program Files\Ampps\richard-apps\relat-smsemail\system\Database\BaseBuilder.php(1866): CodeIgniter\Database\BaseConnection->query('SELECT *\nFROM `...', Array, false)
#4 C:\Program Files\Ampps\richard-apps\relat-smsemail\system\Model.php(213): CodeIgniter\Database\BaseBuilder->get()
#5 C:\Program Files\Ampps\richard-apps\relat-smsemail\system\BaseModel.php(583): CodeIgniter\Model->doFindAll(0, 0)
#6 C:\Program Files\Ampps\richard-apps\relat-smsemail\app\Models\SmsModel.php(157): CodeIgniter\BaseModel->findAll()
#7 C:\Program Files\Ampps\richard-apps\relat-smsemail\app\Controllers\Relatorio.php(68): App\Models\SmsModel->buscarDatas(NULL, '2021-03-06', NULL)
#8 C:\Program Files\Ampps\richard-apps\relat-smsemail\system\CodeIgniter.php(936): App\Controllers\Relatorio->downloadSheet()
#9 C:\Program Files\Ampps\richard-apps\relat-smsemail\system\CodeIgniter.php(432): CodeIgniter\CodeIgniter->runController(Object(App\Controllers\Relatorio))
#10 C:\Program Files\Ampps\richard-apps\relat-smsemail\system\CodeIgniter.php(333): CodeIgniter\CodeIgniter->handleRequest(NULL, Object(Config\Cache), false)
#11 C:\Program Files\Ampps\www\sms-email\index.php(46): CodeIgniter\CodeIgniter->run()
#12 {main}
CRITICAL - 2021-03-05 15:46:22 --> You have an error in your SQL syntax; check the manual that corresponds to your MySQL server version for the right syntax to use near 'IS NULL
AND `criado_em` <= '2021-03-06'' at line 3
#0 C:\Program Files\Ampps\richard-apps\relat-smsemail\system\Database\MySQLi\Connection.php(314): mysqli->query('SELECT *\nFROM `...')
#1 C:\Program Files\Ampps\richard-apps\relat-smsemail\system\Database\BaseConnection.php(713): CodeIgniter\Database\MySQLi\Connection->execute('SELECT *\nFROM `...')
#2 C:\Program Files\Ampps\richard-apps\relat-smsemail\system\Database\BaseConnection.php(641): CodeIgniter\Database\BaseConnection->simpleQuery('SELECT *\nFROM `...')
#3 C:\Program Files\Ampps\richard-apps\relat-smsemail\system\Database\BaseBuilder.php(1866): CodeIgniter\Database\BaseConnection->query('SELECT *\nFROM `...', Array, false)
#4 C:\Program Files\Ampps\richard-apps\relat-smsemail\system\Model.php(213): CodeIgniter\Database\BaseBuilder->get()
#5 C:\Program Files\Ampps\richard-apps\relat-smsemail\system\BaseModel.php(583): CodeIgniter\Model->doFindAll(0, 0)
#6 C:\Program Files\Ampps\richard-apps\relat-smsemail\app\Models\SmsModel.php(157): CodeIgniter\BaseModel->findAll()
#7 C:\Program Files\Ampps\richard-apps\relat-smsemail\app\Controllers\Relatorio.php(68): App\Models\SmsModel->buscarDatas(NULL, '2021-03-06', NULL)
#8 C:\Program Files\Ampps\richard-apps\relat-smsemail\system\CodeIgniter.php(936): App\Controllers\Relatorio->downloadSheet()
#9 C:\Program Files\Ampps\richard-apps\relat-smsemail\system\CodeIgniter.php(432): CodeIgniter\CodeIgniter->runController(Object(App\Controllers\Relatorio))
#10 C:\Program Files\Ampps\richard-apps\relat-smsemail\system\CodeIgniter.php(333): CodeIgniter\CodeIgniter->handleRequest(NULL, Object(Config\Cache), false)
#11 C:\Program Files\Ampps\www\sms-email\index.php(46): CodeIgniter\CodeIgniter->run()
#12 {main}
