CRITICAL - 2021-03-02 06:08:13 --> 22 : The requested URL returned error: 404 Not Found
#0 C:\Program Files\Ampps\richard-apps\relat-smsemail\system\HTTP\CURLRequest.php(805): CodeIgniter\HTTP\Exceptions\HTTPException::forCurlError('22', 'The requested U...')
#1 C:\Program Files\Ampps\richard-apps\relat-smsemail\system\HTTP\CURLRequest.php(418): CodeIgniter\HTTP\CURLRequest->sendRequest(Array)
#2 C:\Program Files\Ampps\richard-apps\relat-smsemail\system\HTTP\CURLRequest.php(127): CodeIgniter\HTTP\CURLRequest->send('POST', 'http://apishort...')
#3 C:\Program Files\Ampps\richard-apps\relat-smsemail\app\Models\SmsModel.php(95): CodeIgniter\HTTP\CURLRequest->request('POST', 'http://apishort...', Array)
#4 C:\Program Files\Ampps\richard-apps\relat-smsemail\app\Controllers\Sms.php(51): App\Models\SmsModel->avaliarIDs()
#5 C:\Program Files\Ampps\richard-apps\relat-smsemail\system\CodeIgniter.php(936): App\Controllers\Sms->avaliarIDs()
#6 C:\Program Files\Ampps\richard-apps\relat-smsemail\system\CodeIgniter.php(432): CodeIgniter\CodeIgniter->runController(Object(App\Controllers\Sms))
#7 C:\Program Files\Ampps\richard-apps\relat-smsemail\system\CodeIgniter.php(333): CodeIgniter\CodeIgniter->handleRequest(NULL, Object(Config\Cache), false)
#8 C:\Program Files\Ampps\www\sms-email\index.php(44): CodeIgniter\CodeIgniter->run()
#9 {main}
CRITICAL - 2021-03-02 06:08:37 --> 22 : The requested URL returned error: 404 Not Found
#0 C:\Program Files\Ampps\richard-apps\relat-smsemail\system\HTTP\CURLRequest.php(805): CodeIgniter\HTTP\Exceptions\HTTPException::forCurlError('22', 'The requested U...')
#1 C:\Program Files\Ampps\richard-apps\relat-smsemail\system\HTTP\CURLRequest.php(418): CodeIgniter\HTTP\CURLRequest->sendRequest(Array)
#2 C:\Program Files\Ampps\richard-apps\relat-smsemail\system\HTTP\CURLRequest.php(127): CodeIgniter\HTTP\CURLRequest->send('POST', 'http://apishort...')
#3 C:\Program Files\Ampps\richard-apps\relat-smsemail\app\Models\SmsModel.php(95): CodeIgniter\HTTP\CURLRequest->request('POST', 'http://apishort...', Array)
#4 C:\Program Files\Ampps\richard-apps\relat-smsemail\app\Controllers\Sms.php(50): App\Models\SmsModel->avaliarIDs()
#5 C:\Program Files\Ampps\richard-apps\relat-smsemail\system\CodeIgniter.php(936): App\Controllers\Sms->avaliarIDs()
#6 C:\Program Files\Ampps\richard-apps\relat-smsemail\system\CodeIgniter.php(432): CodeIgniter\CodeIgniter->runController(Object(App\Controllers\Sms))
#7 C:\Program Files\Ampps\richard-apps\relat-smsemail\system\CodeIgniter.php(333): CodeIgniter\CodeIgniter->handleRequest(NULL, Object(Config\Cache), false)
#8 C:\Program Files\Ampps\www\sms-email\index.php(44): CodeIgniter\CodeIgniter->run()
#9 {main}
CRITICAL - 2021-03-02 06:37:21 --> Cannot use object of type stdClass as array
#0 C:\Program Files\Ampps\richard-apps\relat-smsemail\app\Controllers\Sms.php(51): App\Models\SmsModel->avaliarIDs()
#1 C:\Program Files\Ampps\richard-apps\relat-smsemail\system\CodeIgniter.php(936): App\Controllers\Sms->avaliarIDs()
#2 C:\Program Files\Ampps\richard-apps\relat-smsemail\system\CodeIgniter.php(432): CodeIgniter\CodeIgniter->runController(Object(App\Controllers\Sms))
#3 C:\Program Files\Ampps\richard-apps\relat-smsemail\system\CodeIgniter.php(333): CodeIgniter\CodeIgniter->handleRequest(NULL, Object(Config\Cache), false)
#4 C:\Program Files\Ampps\www\sms-email\index.php(44): CodeIgniter\CodeIgniter->run()
#5 {main}
CRITICAL - 2021-03-02 07:21:11 --> file_put_contents() expects at least 2 parameters, 1 given
#0 [internal function]: CodeIgniter\Debug\Exceptions->errorHandler(2, 'file_put_conten...', 'C:\\Program File...', 75, Array)
#1 C:\Program Files\Ampps\richard-apps\relat-smsemail\app\Controllers\Sms.php(75): file_put_contents('Undefined varia...')
#2 C:\Program Files\Ampps\richard-apps\relat-smsemail\app\Controllers\Sms.php(61): App\Controllers\Sms->createLog('Undefined varia...')
#3 C:\Program Files\Ampps\richard-apps\relat-smsemail\system\CodeIgniter.php(936): App\Controllers\Sms->avaliarBestVoice()
#4 C:\Program Files\Ampps\richard-apps\relat-smsemail\system\CodeIgniter.php(432): CodeIgniter\CodeIgniter->runController(Object(App\Controllers\Sms))
#5 C:\Program Files\Ampps\richard-apps\relat-smsemail\system\CodeIgniter.php(333): CodeIgniter\CodeIgniter->handleRequest(NULL, Object(Config\Cache), false)
#6 C:\Program Files\Ampps\www\sms-email\index.php(44): CodeIgniter\CodeIgniter->run()
#7 {main}
CRITICAL - 2021-03-02 07:23:18 --> file_put_contents(C:\Program Files\Ampps\richard-apps\relat-smsemail\writable\cron/log-2021-03-02.log): failed to open stream: No such file or directory
#0 [internal function]: CodeIgniter\Debug\Exceptions->errorHandler(2, 'file_put_conten...', 'C:\\Program File...', 75, Array)
#1 C:\Program Files\Ampps\richard-apps\relat-smsemail\app\Controllers\Sms.php(75): file_put_contents('C:\\Program File...', 'Undefined varia...')
#2 C:\Program Files\Ampps\richard-apps\relat-smsemail\app\Controllers\Sms.php(61): App\Controllers\Sms->createLog('Undefined varia...')
#3 C:\Program Files\Ampps\richard-apps\relat-smsemail\system\CodeIgniter.php(936): App\Controllers\Sms->avaliarBestVoice()
#4 C:\Program Files\Ampps\richard-apps\relat-smsemail\system\CodeIgniter.php(432): CodeIgniter\CodeIgniter->runController(Object(App\Controllers\Sms))
#5 C:\Program Files\Ampps\richard-apps\relat-smsemail\system\CodeIgniter.php(333): CodeIgniter\CodeIgniter->handleRequest(NULL, Object(Config\Cache), false)
#6 C:\Program Files\Ampps\www\sms-email\index.php(44): CodeIgniter\CodeIgniter->run()
#7 {main}
CRITICAL - 2021-03-02 07:24:37 --> file_put_contents(C:\Program Files\Ampps\richard-apps\relat-smsemail\writable\cron\log-2021-03-02.log): failed to open stream: No such file or directory
#0 [internal function]: CodeIgniter\Debug\Exceptions->errorHandler(2, 'file_put_conten...', 'C:\\Program File...', 75, Array)
#1 C:\Program Files\Ampps\richard-apps\relat-smsemail\app\Controllers\Sms.php(75): file_put_contents('C:\\Program File...', 'Undefined varia...')
#2 C:\Program Files\Ampps\richard-apps\relat-smsemail\app\Controllers\Sms.php(61): App\Controllers\Sms->createLog('Undefined varia...')
#3 C:\Program Files\Ampps\richard-apps\relat-smsemail\system\CodeIgniter.php(936): App\Controllers\Sms->avaliarBestVoice()
#4 C:\Program Files\Ampps\richard-apps\relat-smsemail\system\CodeIgniter.php(432): CodeIgniter\CodeIgniter->runController(Object(App\Controllers\Sms))
#5 C:\Program Files\Ampps\richard-apps\relat-smsemail\system\CodeIgniter.php(333): CodeIgniter\CodeIgniter->handleRequest(NULL, Object(Config\Cache), false)
#6 C:\Program Files\Ampps\www\sms-email\index.php(44): CodeIgniter\CodeIgniter->run()
#7 {main}
CRITICAL - 2021-03-02 07:26:33 --> file_put_contents(C:\Program Files\Ampps\richard-apps\relat-smsemail\writable\cron\log-2021-03-02.log): failed to open stream: No such file or directory
#0 [internal function]: CodeIgniter\Debug\Exceptions->errorHandler(2, 'file_put_conten...', 'C:\\Program File...', 75, Array)
#1 C:\Program Files\Ampps\richard-apps\relat-smsemail\app\Controllers\Sms.php(75): file_put_contents('C:\\Program File...', 'Undefined varia...', 8)
#2 C:\Program Files\Ampps\richard-apps\relat-smsemail\app\Controllers\Sms.php(61): App\Controllers\Sms->createLog('Undefined varia...')
#3 C:\Program Files\Ampps\richard-apps\relat-smsemail\system\CodeIgniter.php(936): App\Controllers\Sms->avaliarBestVoice()
#4 C:\Program Files\Ampps\richard-apps\relat-smsemail\system\CodeIgniter.php(432): CodeIgniter\CodeIgniter->runController(Object(App\Controllers\Sms))
#5 C:\Program Files\Ampps\richard-apps\relat-smsemail\system\CodeIgniter.php(333): CodeIgniter\CodeIgniter->handleRequest(NULL, Object(Config\Cache), false)
#6 C:\Program Files\Ampps\www\sms-email\index.php(44): CodeIgniter\CodeIgniter->run()
#7 {main}
CRITICAL - 2021-03-02 07:30:44 --> file_put_contents(C:\Program Files\Ampps\richard-apps\relat-smsemail\writable\cron\log-2021-03-02.log): failed to open stream: No such file or directory
#0 [internal function]: CodeIgniter\Debug\Exceptions->errorHandler(2, 'file_put_conten...', 'C:\\Program File...', 76, Array)
#1 C:\Program Files\Ampps\richard-apps\relat-smsemail\app\Controllers\Sms.php(76): file_put_contents('C:\\Program File...', 'Undefined varia...', 8)
#2 C:\Program Files\Ampps\richard-apps\relat-smsemail\app\Controllers\Sms.php(61): App\Controllers\Sms->createLog('Undefined varia...')
#3 C:\Program Files\Ampps\richard-apps\relat-smsemail\system\CodeIgniter.php(936): App\Controllers\Sms->avaliarBestVoice()
#4 C:\Program Files\Ampps\richard-apps\relat-smsemail\system\CodeIgniter.php(432): CodeIgniter\CodeIgniter->runController(Object(App\Controllers\Sms))
#5 C:\Program Files\Ampps\richard-apps\relat-smsemail\system\CodeIgniter.php(333): CodeIgniter\CodeIgniter->handleRequest(NULL, Object(Config\Cache), false)
#6 C:\Program Files\Ampps\www\sms-email\index.php(44): CodeIgniter\CodeIgniter->run()
#7 {main}
