CRITICAL - 2021-03-08 09:04:50 --> Call to a member function first() on null
#0 C:\Program Files\Ampps\richard-apps\relat-smsemail\app\Controllers\Home.php(13): App\Models\Usuarios->achar(1)
#1 C:\Program Files\Ampps\richard-apps\relat-smsemail\system\CodeIgniter.php(936): App\Controllers\Home->index()
#2 C:\Program Files\Ampps\richard-apps\relat-smsemail\system\CodeIgniter.php(432): CodeIgniter\CodeIgniter->runController(Object(App\Controllers\Home))
#3 C:\Program Files\Ampps\richard-apps\relat-smsemail\system\CodeIgniter.php(333): CodeIgniter\CodeIgniter->handleRequest(NULL, Object(Config\Cache), false)
#4 C:\Program Files\Ampps\www\sms-email\index.php(46): CodeIgniter\CodeIgniter->run()
#5 {main}
CRITICAL - 2021-03-08 09:05:02 --> Call to a member function first() on null
#0 C:\Program Files\Ampps\richard-apps\relat-smsemail\app\Controllers\Home.php(13): App\Models\Usuarios->achar(1)
#1 C:\Program Files\Ampps\richard-apps\relat-smsemail\system\CodeIgniter.php(936): App\Controllers\Home->index()
#2 C:\Program Files\Ampps\richard-apps\relat-smsemail\system\CodeIgniter.php(432): CodeIgniter\CodeIgniter->runController(Object(App\Controllers\Home))
#3 C:\Program Files\Ampps\richard-apps\relat-smsemail\system\CodeIgniter.php(333): CodeIgniter\CodeIgniter->handleRequest(NULL, Object(Config\Cache), false)
#4 C:\Program Files\Ampps\www\sms-email\index.php(46): CodeIgniter\CodeIgniter->run()
#5 {main}
CRITICAL - 2021-03-08 09:05:16 --> Undefined variable: query
#0 C:\Program Files\Ampps\richard-apps\relat-smsemail\system\FirebirdModel.php(84): CodeIgniter\Debug\Exceptions->errorHandler(8, 'Undefined varia...', 'C:\\Program File...', 84, Array)
#1 C:\Program Files\Ampps\richard-apps\relat-smsemail\app\Models\Usuarios.php(11): CodeIgniter\FirebirdModel->first()
#2 C:\Program Files\Ampps\richard-apps\relat-smsemail\app\Controllers\Home.php(13): App\Models\Usuarios->achar(1)
#3 C:\Program Files\Ampps\richard-apps\relat-smsemail\system\CodeIgniter.php(936): App\Controllers\Home->index()
#4 C:\Program Files\Ampps\richard-apps\relat-smsemail\system\CodeIgniter.php(432): CodeIgniter\CodeIgniter->runController(Object(App\Controllers\Home))
#5 C:\Program Files\Ampps\richard-apps\relat-smsemail\system\CodeIgniter.php(333): CodeIgniter\CodeIgniter->handleRequest(NULL, Object(Config\Cache), false)
#6 C:\Program Files\Ampps\www\sms-email\index.php(46): CodeIgniter\CodeIgniter->run()
#7 {main}
CRITICAL - 2021-03-08 09:08:17 --> ibase_query(): Dynamic SQL Error SQL error code = -104 Token unknown - line 1, column 52 = 
#0 [internal function]: CodeIgniter\Debug\Exceptions->errorHandler(2, 'ibase_query(): ...', 'C:\\Program File...', 103, Array)
#1 C:\Program Files\Ampps\richard-apps\relat-smsemail\system\FirebirdModel.php(103): ibase_query('SELECT FIRST 1 ...')
#2 C:\Program Files\Ampps\richard-apps\relat-smsemail\system\FirebirdModel.php(83): CodeIgniter\FirebirdModel->queryFetch('SELECT FIRST 1 ...')
#3 C:\Program Files\Ampps\richard-apps\relat-smsemail\app\Models\Usuarios.php(11): CodeIgniter\FirebirdModel->first()
#4 C:\Program Files\Ampps\richard-apps\relat-smsemail\app\Controllers\Home.php(13): App\Models\Usuarios->achar(1)
#5 C:\Program Files\Ampps\richard-apps\relat-smsemail\system\CodeIgniter.php(936): App\Controllers\Home->index()
#6 C:\Program Files\Ampps\richard-apps\relat-smsemail\system\CodeIgniter.php(432): CodeIgniter\CodeIgniter->runController(Object(App\Controllers\Home))
#7 C:\Program Files\Ampps\richard-apps\relat-smsemail\system\CodeIgniter.php(333): CodeIgniter\CodeIgniter->handleRequest(NULL, Object(Config\Cache), false)
#8 C:\Program Files\Ampps\www\sms-email\index.php(46): CodeIgniter\CodeIgniter->run()
#9 {main}
CRITICAL - 2021-03-08 09:15:53 --> Unsupported operand types
#0 C:\Program Files\Ampps\richard-apps\relat-smsemail\app\Models\Usuarios.php(11): CodeIgniter\FirebirdModel->where('DATA_MODIF is', 'null')
#1 C:\Program Files\Ampps\richard-apps\relat-smsemail\app\Controllers\Home.php(13): App\Models\Usuarios->achar(1)
#2 C:\Program Files\Ampps\richard-apps\relat-smsemail\system\CodeIgniter.php(936): App\Controllers\Home->index()
#3 C:\Program Files\Ampps\richard-apps\relat-smsemail\system\CodeIgniter.php(432): CodeIgniter\CodeIgniter->runController(Object(App\Controllers\Home))
#4 C:\Program Files\Ampps\richard-apps\relat-smsemail\system\CodeIgniter.php(333): CodeIgniter\CodeIgniter->handleRequest(NULL, Object(Config\Cache), false)
#5 C:\Program Files\Ampps\www\sms-email\index.php(46): CodeIgniter\CodeIgniter->run()
#6 {main}
CRITICAL - 2021-03-08 09:16:25 --> Unsupported operand types
#0 C:\Program Files\Ampps\richard-apps\relat-smsemail\app\Models\Usuarios.php(11): CodeIgniter\FirebirdModel->where('DATA_MODIF is', 'null')
#1 C:\Program Files\Ampps\richard-apps\relat-smsemail\app\Controllers\Home.php(13): App\Models\Usuarios->achar(1)
#2 C:\Program Files\Ampps\richard-apps\relat-smsemail\system\CodeIgniter.php(936): App\Controllers\Home->index()
#3 C:\Program Files\Ampps\richard-apps\relat-smsemail\system\CodeIgniter.php(432): CodeIgniter\CodeIgniter->runController(Object(App\Controllers\Home))
#4 C:\Program Files\Ampps\richard-apps\relat-smsemail\system\CodeIgniter.php(333): CodeIgniter\CodeIgniter->handleRequest(NULL, Object(Config\Cache), false)
#5 C:\Program Files\Ampps\www\sms-email\index.php(46): CodeIgniter\CodeIgniter->run()
#6 {main}
CRITICAL - 2021-03-08 09:16:46 --> ibase_query(): Dynamic SQL Error SQL error code = -104 Token unknown - line 1, column 52 = 
#0 [internal function]: CodeIgniter\Debug\Exceptions->errorHandler(2, 'ibase_query(): ...', 'C:\\Program File...', 105, Array)
#1 C:\Program Files\Ampps\richard-apps\relat-smsemail\system\FirebirdModel.php(105): ibase_query('SELECT FIRST 1 ...')
#2 C:\Program Files\Ampps\richard-apps\relat-smsemail\system\FirebirdModel.php(85): CodeIgniter\FirebirdModel->queryFetch('SELECT FIRST 1 ...')
#3 C:\Program Files\Ampps\richard-apps\relat-smsemail\app\Models\Usuarios.php(11): CodeIgniter\FirebirdModel->first()
#4 C:\Program Files\Ampps\richard-apps\relat-smsemail\app\Controllers\Home.php(13): App\Models\Usuarios->achar(1)
#5 C:\Program Files\Ampps\richard-apps\relat-smsemail\system\CodeIgniter.php(936): App\Controllers\Home->index()
#6 C:\Program Files\Ampps\richard-apps\relat-smsemail\system\CodeIgniter.php(432): CodeIgniter\CodeIgniter->runController(Object(App\Controllers\Home))
#7 C:\Program Files\Ampps\richard-apps\relat-smsemail\system\CodeIgniter.php(333): CodeIgniter\CodeIgniter->handleRequest(NULL, Object(Config\Cache), false)
#8 C:\Program Files\Ampps\www\sms-email\index.php(46): CodeIgniter\CodeIgniter->run()
#9 {main}
CRITICAL - 2021-03-08 09:19:17 --> ibase_query(): Dynamic SQL Error SQL error code = -104 Token unknown - line 1, column 52 'null' 
#0 [internal function]: CodeIgniter\Debug\Exceptions->errorHandler(2, 'ibase_query(): ...', 'C:\\Program File...', 105, Array)
#1 C:\Program Files\Ampps\richard-apps\relat-smsemail\system\FirebirdModel.php(105): ibase_query('SELECT FIRST 1 ...')
#2 C:\Program Files\Ampps\richard-apps\relat-smsemail\system\FirebirdModel.php(85): CodeIgniter\FirebirdModel->queryFetch('SELECT FIRST 1 ...')
#3 C:\Program Files\Ampps\richard-apps\relat-smsemail\app\Models\Usuarios.php(11): CodeIgniter\FirebirdModel->first()
#4 C:\Program Files\Ampps\richard-apps\relat-smsemail\app\Controllers\Home.php(13): App\Models\Usuarios->achar(1)
#5 C:\Program Files\Ampps\richard-apps\relat-smsemail\system\CodeIgniter.php(936): App\Controllers\Home->index()
#6 C:\Program Files\Ampps\richard-apps\relat-smsemail\system\CodeIgniter.php(432): CodeIgniter\CodeIgniter->runController(Object(App\Controllers\Home))
#7 C:\Program Files\Ampps\richard-apps\relat-smsemail\system\CodeIgniter.php(333): CodeIgniter\CodeIgniter->handleRequest(NULL, Object(Config\Cache), false)
#8 C:\Program Files\Ampps\www\sms-email\index.php(46): CodeIgniter\CodeIgniter->run()
#9 {main}
CRITICAL - 2021-03-08 09:22:44 --> Undefined variable: query
#0 C:\Program Files\Ampps\richard-apps\relat-smsemail\system\FirebirdModel.php(79): CodeIgniter\Debug\Exceptions->errorHandler(8, 'Undefined varia...', 'C:\\Program File...', 79, Array)
#1 C:\Program Files\Ampps\richard-apps\relat-smsemail\app\Models\Usuarios.php(12): CodeIgniter\FirebirdModel->findAll()
#2 C:\Program Files\Ampps\richard-apps\relat-smsemail\app\Controllers\Home.php(13): App\Models\Usuarios->achar(1)
#3 C:\Program Files\Ampps\richard-apps\relat-smsemail\system\CodeIgniter.php(936): App\Controllers\Home->index()
#4 C:\Program Files\Ampps\richard-apps\relat-smsemail\system\CodeIgniter.php(432): CodeIgniter\CodeIgniter->runController(Object(App\Controllers\Home))
#5 C:\Program Files\Ampps\richard-apps\relat-smsemail\system\CodeIgniter.php(333): CodeIgniter\CodeIgniter->handleRequest(NULL, Object(Config\Cache), false)
#6 C:\Program Files\Ampps\www\sms-email\index.php(46): CodeIgniter\CodeIgniter->run()
#7 {main}
CRITICAL - 2021-03-08 09:29:56 --> ibase_query(): Dynamic SQL Error SQL error code = -206 Column unknown C At line 1, column 38 
#0 [internal function]: CodeIgniter\Debug\Exceptions->errorHandler(2, 'ibase_query(): ...', 'C:\\Program File...', 122, Array)
#1 C:\Program Files\Ampps\richard-apps\relat-smsemail\system\FirebirdModel.php(122): ibase_query('SELECT * FROM u...')
#2 C:\Program Files\Ampps\richard-apps\relat-smsemail\system\FirebirdModel.php(88): CodeIgniter\FirebirdModel->queryFetch('SELECT * FROM u...')
#3 C:\Program Files\Ampps\richard-apps\relat-smsemail\app\Models\Usuarios.php(12): CodeIgniter\FirebirdModel->findAll()
#4 C:\Program Files\Ampps\richard-apps\relat-smsemail\app\Controllers\Home.php(13): App\Models\Usuarios->achar(1)
#5 C:\Program Files\Ampps\richard-apps\relat-smsemail\system\CodeIgniter.php(936): App\Controllers\Home->index()
#6 C:\Program Files\Ampps\richard-apps\relat-smsemail\system\CodeIgniter.php(432): CodeIgniter\CodeIgniter->runController(Object(App\Controllers\Home))
#7 C:\Program Files\Ampps\richard-apps\relat-smsemail\system\CodeIgniter.php(333): CodeIgniter\CodeIgniter->handleRequest(NULL, Object(Config\Cache), false)
#8 C:\Program Files\Ampps\www\sms-email\index.php(46): CodeIgniter\CodeIgniter->run()
#9 {main}
CRITICAL - 2021-03-08 09:37:33 --> Too few arguments to function CodeIgniter\FirebirdModel::insert(), 0 passed in C:\Program Files\Ampps\richard-apps\relat-smsemail\app\Models\Usuarios.php on line 12 and exactly 1 expected
#0 C:\Program Files\Ampps\richard-apps\relat-smsemail\app\Models\Usuarios.php(12): CodeIgniter\FirebirdModel->insert()
#1 C:\Program Files\Ampps\richard-apps\relat-smsemail\app\Controllers\Home.php(13): App\Models\Usuarios->achar(1)
#2 C:\Program Files\Ampps\richard-apps\relat-smsemail\system\CodeIgniter.php(936): App\Controllers\Home->index()
#3 C:\Program Files\Ampps\richard-apps\relat-smsemail\system\CodeIgniter.php(432): CodeIgniter\CodeIgniter->runController(Object(App\Controllers\Home))
#4 C:\Program Files\Ampps\richard-apps\relat-smsemail\system\CodeIgniter.php(333): CodeIgniter\CodeIgniter->handleRequest(NULL, Object(Config\Cache), false)
#5 C:\Program Files\Ampps\www\sms-email\index.php(46): CodeIgniter\CodeIgniter->run()
#6 {main}
CRITICAL - 2021-03-08 09:37:47 --> ibase_query(): Dynamic SQL Error SQL error code = -206 Column unknown DESC At line 1, column 46 
#0 [internal function]: CodeIgniter\Debug\Exceptions->errorHandler(2, 'ibase_query(): ...', 'C:\\Program File...', 159, Array)
#1 C:\Program Files\Ampps\richard-apps\relat-smsemail\system\FirebirdModel.php(159): ibase_query('SELECT FIRST 1 ...')
#2 C:\Program Files\Ampps\richard-apps\relat-smsemail\system\FirebirdModel.php(40): CodeIgniter\FirebirdModel->findLastKey()
#3 C:\Program Files\Ampps\richard-apps\relat-smsemail\app\Models\Usuarios.php(12): CodeIgniter\FirebirdModel->insert('teste')
#4 C:\Program Files\Ampps\richard-apps\relat-smsemail\app\Controllers\Home.php(13): App\Models\Usuarios->achar(1)
#5 C:\Program Files\Ampps\richard-apps\relat-smsemail\system\CodeIgniter.php(936): App\Controllers\Home->index()
#6 C:\Program Files\Ampps\richard-apps\relat-smsemail\system\CodeIgniter.php(432): CodeIgniter\CodeIgniter->runController(Object(App\Controllers\Home))
#7 C:\Program Files\Ampps\richard-apps\relat-smsemail\system\CodeIgniter.php(333): CodeIgniter\CodeIgniter->handleRequest(NULL, Object(Config\Cache), false)
#8 C:\Program Files\Ampps\www\sms-email\index.php(46): CodeIgniter\CodeIgniter->run()
#9 {main}
CRITICAL - 2021-03-08 09:48:49 --> ibase_query(): Dynamic SQL Error SQL error code = -104 Token unknown - line 1, column 39 = 
#0 [internal function]: CodeIgniter\Debug\Exceptions->errorHandler(2, 'ibase_query(): ...', 'C:\\Program File...', 124, Array)
#1 C:\Program Files\Ampps\richard-apps\relat-smsemail\system\FirebirdModel.php(124): ibase_query('SELECT * FROM u...')
#2 C:\Program Files\Ampps\richard-apps\relat-smsemail\system\FirebirdModel.php(90): CodeIgniter\FirebirdModel->queryFetch('SELECT * FROM u...')
#3 C:\Program Files\Ampps\richard-apps\relat-smsemail\app\Models\Usuarios.php(12): CodeIgniter\FirebirdModel->findAll()
#4 C:\Program Files\Ampps\richard-apps\relat-smsemail\app\Controllers\Home.php(13): App\Models\Usuarios->achar(1)
#5 C:\Program Files\Ampps\richard-apps\relat-smsemail\system\CodeIgniter.php(936): App\Controllers\Home->index()
#6 C:\Program Files\Ampps\richard-apps\relat-smsemail\system\CodeIgniter.php(432): CodeIgniter\CodeIgniter->runController(Object(App\Controllers\Home))
#7 C:\Program Files\Ampps\richard-apps\relat-smsemail\system\CodeIgniter.php(333): CodeIgniter\CodeIgniter->handleRequest(NULL, Object(Config\Cache), false)
#8 C:\Program Files\Ampps\www\sms-email\index.php(46): CodeIgniter\CodeIgniter->run()
#9 {main}
CRITICAL - 2021-03-08 10:26:41 --> Too few arguments to function CodeIgniter\FirebirdModel::update(), 1 passed in C:\Program Files\Ampps\richard-apps\relat-smsemail\app\Models\Usuarios.php on line 12 and exactly 2 expected
#0 C:\Program Files\Ampps\richard-apps\relat-smsemail\app\Models\Usuarios.php(12): CodeIgniter\FirebirdModel->update(Array)
#1 C:\Program Files\Ampps\richard-apps\relat-smsemail\app\Controllers\Home.php(14): App\Models\Usuarios->achar(1)
#2 C:\Program Files\Ampps\richard-apps\relat-smsemail\system\CodeIgniter.php(936): App\Controllers\Home->index()
#3 C:\Program Files\Ampps\richard-apps\relat-smsemail\system\CodeIgniter.php(432): CodeIgniter\CodeIgniter->runController(Object(App\Controllers\Home))
#4 C:\Program Files\Ampps\richard-apps\relat-smsemail\system\CodeIgniter.php(333): CodeIgniter\CodeIgniter->handleRequest(NULL, Object(Config\Cache), false)
#5 C:\Program Files\Ampps\www\sms-email\index.php(46): CodeIgniter\CodeIgniter->run()
#6 {main}
CRITICAL - 2021-03-08 10:27:06 --> Too few arguments to function CodeIgniter\FirebirdModel::update(), 1 passed in C:\Program Files\Ampps\richard-apps\relat-smsemail\app\Models\Usuarios.php on line 12 and exactly 2 expected
#0 C:\Program Files\Ampps\richard-apps\relat-smsemail\app\Models\Usuarios.php(12): CodeIgniter\FirebirdModel->update(Array)
#1 C:\Program Files\Ampps\richard-apps\relat-smsemail\app\Controllers\Home.php(14): App\Models\Usuarios->achar(1)
#2 C:\Program Files\Ampps\richard-apps\relat-smsemail\system\CodeIgniter.php(936): App\Controllers\Home->index()
#3 C:\Program Files\Ampps\richard-apps\relat-smsemail\system\CodeIgniter.php(432): CodeIgniter\CodeIgniter->runController(Object(App\Controllers\Home))
#4 C:\Program Files\Ampps\richard-apps\relat-smsemail\system\CodeIgniter.php(333): CodeIgniter\CodeIgniter->handleRequest(NULL, Object(Config\Cache), false)
#5 C:\Program Files\Ampps\www\sms-email\index.php(46): CodeIgniter\CodeIgniter->run()
#6 {main}
CRITICAL - 2021-03-08 15:44:48 --> Maximum execution time of 30 seconds exceeded
#0 [internal function]: CodeIgniter\Debug\Exceptions->shutdownHandler()
#1 {main}
CRITICAL - 2021-03-08 15:45:51 --> Maximum execution time of 30 seconds exceeded
#0 [internal function]: CodeIgniter\Debug\Exceptions->shutdownHandler()
#1 {main}
CRITICAL - 2021-03-08 15:48:42 --> Maximum execution time of 30 seconds exceeded
#0 [internal function]: CodeIgniter\Debug\Exceptions->shutdownHandler()
#1 {main}
CRITICAL - 2021-03-08 15:51:29 --> Maximum execution time of 30 seconds exceeded
#0 [internal function]: CodeIgniter\Debug\Exceptions->shutdownHandler()
#1 {main}
CRITICAL - 2021-03-08 15:53:33 --> Maximum execution time of 30 seconds exceeded
#0 [internal function]: CodeIgniter\Debug\Exceptions->shutdownHandler()
#1 {main}
