CRITICAL - 2021-03-01 08:54:50 --> syntax error, unexpected '->' (T_OBJECT_OPERATOR)
#0 C:\Program Files\Ampps\richard-apps\relat-smsemail\system\Router\Router.php(170): CodeIgniter\Router\Router->autoRoute('sms')
#1 C:\Program Files\Ampps\richard-apps\relat-smsemail\system\CodeIgniter.php(816): CodeIgniter\Router\Router->handle('sms')
#2 C:\Program Files\Ampps\richard-apps\relat-smsemail\system\CodeIgniter.php(385): CodeIgniter\CodeIgniter->tryToRouteIt(Object(CodeIgniter\Router\RouteCollection))
#3 C:\Program Files\Ampps\richard-apps\relat-smsemail\system\CodeIgniter.php(333): CodeIgniter\CodeIgniter->handleRequest(NULL, Object(Config\Cache), false)
#4 C:\Program Files\Ampps\www\sms-email\index.php(44): CodeIgniter\CodeIgniter->run()
#5 {main}
ERROR - 2021-03-01 11:20:40 --> Error connecting to the database: Access denied for user '****'@'localhost' (using password: YES)
CRITICAL - 2021-03-01 11:20:40 --> Unable to connect to the database.
#0 C:\Program Files\Ampps\richard-apps\relat-smsemail\system\Database\BaseConnection.php(618): CodeIgniter\Database\BaseConnection->initialize()
#1 C:\Program Files\Ampps\richard-apps\relat-smsemail\system\Database\BaseBuilder.php(2263): CodeIgniter\Database\BaseConnection->query('INSERT INTO `sm...', Array, false)
#2 C:\Program Files\Ampps\richard-apps\relat-smsemail\system\Model.php(278): CodeIgniter\Database\BaseBuilder->insert()
#3 C:\Program Files\Ampps\richard-apps\relat-smsemail\system\BaseModel.php(758): CodeIgniter\Model->doInsert(Array)
#4 C:\Program Files\Ampps\richard-apps\relat-smsemail\system\Model.php(705): CodeIgniter\BaseModel->insert(Array, false)
#5 C:\Program Files\Ampps\richard-apps\relat-smsemail\system\BaseModel.php(667): CodeIgniter\Model->insert(Array, false)
#6 C:\Program Files\Ampps\richard-apps\relat-smsemail\app\Models\SmsModel.php(32): CodeIgniter\BaseModel->save(Array)
#7 C:\Program Files\Ampps\richard-apps\relat-smsemail\app\Controllers\Sms.php(30): App\Models\SmsModel->salvarRelatorio(Array)
#8 C:\Program Files\Ampps\richard-apps\relat-smsemail\system\CodeIgniter.php(936): App\Controllers\Sms->index()
#9 C:\Program Files\Ampps\richard-apps\relat-smsemail\system\CodeIgniter.php(432): CodeIgniter\CodeIgniter->runController(Object(App\Controllers\Sms))
#10 C:\Program Files\Ampps\richard-apps\relat-smsemail\system\CodeIgniter.php(333): CodeIgniter\CodeIgniter->handleRequest(NULL, Object(Config\Cache), false)
#11 C:\Program Files\Ampps\www\sms-email\index.php(44): CodeIgniter\CodeIgniter->run()
#12 {main}
ERROR - 2021-03-01 11:30:14 --> Error connecting to the database: Access denied for user '****'@'localhost' (using password: YES)
CRITICAL - 2021-03-01 11:30:14 --> Unable to connect to the database.
#0 C:\Program Files\Ampps\richard-apps\relat-smsemail\system\Database\BaseConnection.php(618): CodeIgniter\Database\BaseConnection->initialize()
#1 C:\Program Files\Ampps\richard-apps\relat-smsemail\system\Database\BaseBuilder.php(2263): CodeIgniter\Database\BaseConnection->query('INSERT INTO `sm...', Array, false)
#2 C:\Program Files\Ampps\richard-apps\relat-smsemail\system\Model.php(278): CodeIgniter\Database\BaseBuilder->insert()
#3 C:\Program Files\Ampps\richard-apps\relat-smsemail\system\BaseModel.php(758): CodeIgniter\Model->doInsert(Array)
#4 C:\Program Files\Ampps\richard-apps\relat-smsemail\system\Model.php(705): CodeIgniter\BaseModel->insert(Array, true)
#5 C:\Program Files\Ampps\richard-apps\relat-smsemail\app\Models\SmsModel.php(38): CodeIgniter\Model->insert(Array)
#6 C:\Program Files\Ampps\richard-apps\relat-smsemail\app\Controllers\Sms.php(30): App\Models\SmsModel->salvarRelatorio(Array)
#7 C:\Program Files\Ampps\richard-apps\relat-smsemail\system\CodeIgniter.php(936): App\Controllers\Sms->index()
#8 C:\Program Files\Ampps\richard-apps\relat-smsemail\system\CodeIgniter.php(432): CodeIgniter\CodeIgniter->runController(Object(App\Controllers\Sms))
#9 C:\Program Files\Ampps\richard-apps\relat-smsemail\system\CodeIgniter.php(333): CodeIgniter\CodeIgniter->handleRequest(NULL, Object(Config\Cache), false)
#10 C:\Program Files\Ampps\www\sms-email\index.php(44): CodeIgniter\CodeIgniter->run()
#11 {main}
ERROR - 2021-03-01 11:31:03 --> Error connecting to the database: Access denied for user '****'@'localhost' (using password: NO)
CRITICAL - 2021-03-01 11:31:03 --> Unable to connect to the database.
#0 C:\Program Files\Ampps\richard-apps\relat-smsemail\system\Database\BaseConnection.php(618): CodeIgniter\Database\BaseConnection->initialize()
#1 C:\Program Files\Ampps\richard-apps\relat-smsemail\system\Database\BaseBuilder.php(2263): CodeIgniter\Database\BaseConnection->query('INSERT INTO `sm...', Array, false)
#2 C:\Program Files\Ampps\richard-apps\relat-smsemail\system\Model.php(278): CodeIgniter\Database\BaseBuilder->insert()
#3 C:\Program Files\Ampps\richard-apps\relat-smsemail\system\BaseModel.php(758): CodeIgniter\Model->doInsert(Array)
#4 C:\Program Files\Ampps\richard-apps\relat-smsemail\system\Model.php(705): CodeIgniter\BaseModel->insert(Array, true)
#5 C:\Program Files\Ampps\richard-apps\relat-smsemail\app\Models\SmsModel.php(38): CodeIgniter\Model->insert(Array)
#6 C:\Program Files\Ampps\richard-apps\relat-smsemail\app\Controllers\Sms.php(30): App\Models\SmsModel->salvarRelatorio(Array)
#7 C:\Program Files\Ampps\richard-apps\relat-smsemail\system\CodeIgniter.php(936): App\Controllers\Sms->index()
#8 C:\Program Files\Ampps\richard-apps\relat-smsemail\system\CodeIgniter.php(432): CodeIgniter\CodeIgniter->runController(Object(App\Controllers\Sms))
#9 C:\Program Files\Ampps\richard-apps\relat-smsemail\system\CodeIgniter.php(333): CodeIgniter\CodeIgniter->handleRequest(NULL, Object(Config\Cache), false)
#10 C:\Program Files\Ampps\www\sms-email\index.php(44): CodeIgniter\CodeIgniter->run()
#11 {main}
ERROR - 2021-03-01 11:38:09 --> mysqli_sql_exception: No database selected in C:\Program Files\Ampps\richard-apps\relat-smsemail\system\Database\MySQLi\Connection.php:314
Stack trace:
#0 C:\Program Files\Ampps\richard-apps\relat-smsemail\system\Database\MySQLi\Connection.php(314): mysqli->query('SELECT *\nFROM `...')
#1 C:\Program Files\Ampps\richard-apps\relat-smsemail\system\Database\BaseConnection.php(713): CodeIgniter\Database\MySQLi\Connection->execute('SELECT *\nFROM `...')
#2 C:\Program Files\Ampps\richard-apps\relat-smsemail\system\Database\BaseConnection.php(641): CodeIgniter\Database\BaseConnection->simpleQuery('SELECT *\nFROM `...')
#3 C:\Program Files\Ampps\richard-apps\relat-smsemail\system\Database\BaseBuilder.php(1866): CodeIgniter\Database\BaseConnection->query('SELECT *\nFROM `...', Array, false)
#4 C:\Program Files\Ampps\richard-apps\relat-smsemail\system\Model.php(213): CodeIgniter\Database\BaseBuilder->get()
#5 C:\Program Files\Ampps\richard-apps\relat-smsemail\system\BaseModel.php(583): CodeIgniter\Model->doFindAll(0, 0)
#6 C:\Program Files\Ampps\richard-apps\relat-smsemail\app\Models\SmsModel.php(51): CodeIgniter\BaseModel->findAll()
#7 C:\Program Files\Ampps\richard-apps\relat-smsemail\app\Controllers\Sms.php(46): App\Models\SmsModel->testarDB()
#8 C:\Program Files\Ampps\richard-apps\relat-smsemail\system\CodeIgniter.php(936): App\Controllers\Sms->teste()
#9 C:\Program Files\Ampps\richard-apps\relat-smsemail\system\CodeIgniter.php(432): CodeIgniter\CodeIgniter->runController(Object(App\Controllers\Sms))
#10 C:\Program Files\Ampps\richard-apps\relat-smsemail\system\CodeIgniter.php(333): CodeIgniter\CodeIgniter->handleRequest(NULL, Object(Config\Cache), false)
#11 C:\Program Files\Ampps\www\sms-email\index.php(44): CodeIgniter\CodeIgniter->run()
#12 {main}
CRITICAL - 2021-03-01 11:38:09 --> No database selected
#0 C:\Program Files\Ampps\richard-apps\relat-smsemail\system\Database\MySQLi\Connection.php(314): mysqli->query('SELECT *\nFROM `...')
#1 C:\Program Files\Ampps\richard-apps\relat-smsemail\system\Database\BaseConnection.php(713): CodeIgniter\Database\MySQLi\Connection->execute('SELECT *\nFROM `...')
#2 C:\Program Files\Ampps\richard-apps\relat-smsemail\system\Database\BaseConnection.php(641): CodeIgniter\Database\BaseConnection->simpleQuery('SELECT *\nFROM `...')
#3 C:\Program Files\Ampps\richard-apps\relat-smsemail\system\Database\BaseBuilder.php(1866): CodeIgniter\Database\BaseConnection->query('SELECT *\nFROM `...', Array, false)
#4 C:\Program Files\Ampps\richard-apps\relat-smsemail\system\Model.php(213): CodeIgniter\Database\BaseBuilder->get()
#5 C:\Program Files\Ampps\richard-apps\relat-smsemail\system\BaseModel.php(583): CodeIgniter\Model->doFindAll(0, 0)
#6 C:\Program Files\Ampps\richard-apps\relat-smsemail\app\Models\SmsModel.php(51): CodeIgniter\BaseModel->findAll()
#7 C:\Program Files\Ampps\richard-apps\relat-smsemail\app\Controllers\Sms.php(46): App\Models\SmsModel->testarDB()
#8 C:\Program Files\Ampps\richard-apps\relat-smsemail\system\CodeIgniter.php(936): App\Controllers\Sms->teste()
#9 C:\Program Files\Ampps\richard-apps\relat-smsemail\system\CodeIgniter.php(432): CodeIgniter\CodeIgniter->runController(Object(App\Controllers\Sms))
#10 C:\Program Files\Ampps\richard-apps\relat-smsemail\system\CodeIgniter.php(333): CodeIgniter\CodeIgniter->handleRequest(NULL, Object(Config\Cache), false)
#11 C:\Program Files\Ampps\www\sms-email\index.php(44): CodeIgniter\CodeIgniter->run()
#12 {main}
ERROR - 2021-03-01 11:39:22 --> Error connecting to the database: Access denied for user '****'@'localhost' (using password: YES)
CRITICAL - 2021-03-01 11:39:22 --> Unable to connect to the database.
#0 C:\Program Files\Ampps\richard-apps\relat-smsemail\system\Database\BaseConnection.php(618): CodeIgniter\Database\BaseConnection->initialize()
#1 C:\Program Files\Ampps\richard-apps\relat-smsemail\system\Database\BaseBuilder.php(1866): CodeIgniter\Database\BaseConnection->query('SELECT *\nFROM `...', Array, false)
#2 C:\Program Files\Ampps\richard-apps\relat-smsemail\system\Model.php(213): CodeIgniter\Database\BaseBuilder->get()
#3 C:\Program Files\Ampps\richard-apps\relat-smsemail\system\BaseModel.php(583): CodeIgniter\Model->doFindAll(0, 0)
#4 C:\Program Files\Ampps\richard-apps\relat-smsemail\app\Models\SmsModel.php(51): CodeIgniter\BaseModel->findAll()
#5 C:\Program Files\Ampps\richard-apps\relat-smsemail\app\Controllers\Sms.php(46): App\Models\SmsModel->testarDB()
#6 C:\Program Files\Ampps\richard-apps\relat-smsemail\system\CodeIgniter.php(936): App\Controllers\Sms->teste()
#7 C:\Program Files\Ampps\richard-apps\relat-smsemail\system\CodeIgniter.php(432): CodeIgniter\CodeIgniter->runController(Object(App\Controllers\Sms))
#8 C:\Program Files\Ampps\richard-apps\relat-smsemail\system\CodeIgniter.php(333): CodeIgniter\CodeIgniter->handleRequest(NULL, Object(Config\Cache), false)
#9 C:\Program Files\Ampps\www\sms-email\index.php(44): CodeIgniter\CodeIgniter->run()
#10 {main}
ERROR - 2021-03-01 11:39:33 --> Error connecting to the database: Access denied for user '****'@'localhost' (using password: NO)
CRITICAL - 2021-03-01 11:39:33 --> Unable to connect to the database.
#0 C:\Program Files\Ampps\richard-apps\relat-smsemail\system\Database\BaseConnection.php(618): CodeIgniter\Database\BaseConnection->initialize()
#1 C:\Program Files\Ampps\richard-apps\relat-smsemail\system\Database\BaseBuilder.php(1866): CodeIgniter\Database\BaseConnection->query('SELECT *\nFROM `...', Array, false)
#2 C:\Program Files\Ampps\richard-apps\relat-smsemail\system\Model.php(213): CodeIgniter\Database\BaseBuilder->get()
#3 C:\Program Files\Ampps\richard-apps\relat-smsemail\system\BaseModel.php(583): CodeIgniter\Model->doFindAll(0, 0)
#4 C:\Program Files\Ampps\richard-apps\relat-smsemail\app\Models\SmsModel.php(51): CodeIgniter\BaseModel->findAll()
#5 C:\Program Files\Ampps\richard-apps\relat-smsemail\app\Controllers\Sms.php(46): App\Models\SmsModel->testarDB()
#6 C:\Program Files\Ampps\richard-apps\relat-smsemail\system\CodeIgniter.php(936): App\Controllers\Sms->teste()
#7 C:\Program Files\Ampps\richard-apps\relat-smsemail\system\CodeIgniter.php(432): CodeIgniter\CodeIgniter->runController(Object(App\Controllers\Sms))
#8 C:\Program Files\Ampps\richard-apps\relat-smsemail\system\CodeIgniter.php(333): CodeIgniter\CodeIgniter->handleRequest(NULL, Object(Config\Cache), false)
#9 C:\Program Files\Ampps\www\sms-email\index.php(44): CodeIgniter\CodeIgniter->run()
#10 {main}
ERROR - 2021-03-01 11:40:24 --> Error connecting to the database: Access denied for user '****'@'localhost' (using password: NO)
CRITICAL - 2021-03-01 11:40:24 --> Unable to connect to the database.
#0 C:\Program Files\Ampps\richard-apps\relat-smsemail\system\Database\BaseConnection.php(618): CodeIgniter\Database\BaseConnection->initialize()
#1 C:\Program Files\Ampps\richard-apps\relat-smsemail\system\Database\BaseBuilder.php(1866): CodeIgniter\Database\BaseConnection->query('SELECT *\nFROM `...', Array, false)
#2 C:\Program Files\Ampps\richard-apps\relat-smsemail\system\Model.php(213): CodeIgniter\Database\BaseBuilder->get()
#3 C:\Program Files\Ampps\richard-apps\relat-smsemail\system\BaseModel.php(583): CodeIgniter\Model->doFindAll(0, 0)
#4 C:\Program Files\Ampps\richard-apps\relat-smsemail\app\Models\SmsModel.php(51): CodeIgniter\BaseModel->findAll()
#5 C:\Program Files\Ampps\richard-apps\relat-smsemail\app\Controllers\Sms.php(46): App\Models\SmsModel->testarDB()
#6 C:\Program Files\Ampps\richard-apps\relat-smsemail\system\CodeIgniter.php(936): App\Controllers\Sms->teste()
#7 C:\Program Files\Ampps\richard-apps\relat-smsemail\system\CodeIgniter.php(432): CodeIgniter\CodeIgniter->runController(Object(App\Controllers\Sms))
#8 C:\Program Files\Ampps\richard-apps\relat-smsemail\system\CodeIgniter.php(333): CodeIgniter\CodeIgniter->handleRequest(NULL, Object(Config\Cache), false)
#9 C:\Program Files\Ampps\www\sms-email\index.php(44): CodeIgniter\CodeIgniter->run()
#10 {main}
ERROR - 2021-03-01 11:46:45 --> Error connecting to the database: Access denied for user '****'@'%' to database 'sms-email'
CRITICAL - 2021-03-01 11:46:45 --> Unable to connect to the database.
#0 C:\Program Files\Ampps\richard-apps\relat-smsemail\system\Database\BaseConnection.php(618): CodeIgniter\Database\BaseConnection->initialize()
#1 C:\Program Files\Ampps\richard-apps\relat-smsemail\system\Database\BaseBuilder.php(1866): CodeIgniter\Database\BaseConnection->query('SELECT *\nFROM `...', Array, false)
#2 C:\Program Files\Ampps\richard-apps\relat-smsemail\system\Model.php(213): CodeIgniter\Database\BaseBuilder->get()
#3 C:\Program Files\Ampps\richard-apps\relat-smsemail\system\BaseModel.php(583): CodeIgniter\Model->doFindAll(0, 0)
#4 C:\Program Files\Ampps\richard-apps\relat-smsemail\app\Models\SmsModel.php(51): CodeIgniter\BaseModel->findAll()
#5 C:\Program Files\Ampps\richard-apps\relat-smsemail\app\Controllers\Sms.php(46): App\Models\SmsModel->testarDB()
#6 C:\Program Files\Ampps\richard-apps\relat-smsemail\system\CodeIgniter.php(936): App\Controllers\Sms->teste()
#7 C:\Program Files\Ampps\richard-apps\relat-smsemail\system\CodeIgniter.php(432): CodeIgniter\CodeIgniter->runController(Object(App\Controllers\Sms))
#8 C:\Program Files\Ampps\richard-apps\relat-smsemail\system\CodeIgniter.php(333): CodeIgniter\CodeIgniter->handleRequest(NULL, Object(Config\Cache), false)
#9 C:\Program Files\Ampps\www\sms-email\index.php(44): CodeIgniter\CodeIgniter->run()
#10 {main}
CRITICAL - 2021-03-01 11:56:54 --> Undefined variable: modelResponse
#0 C:\Program Files\Ampps\richard-apps\relat-smsemail\app\Controllers\Sms.php(38): CodeIgniter\Debug\Exceptions->errorHandler(8, 'Undefined varia...', 'C:\\Program File...', 38, Array)
#1 C:\Program Files\Ampps\richard-apps\relat-smsemail\system\CodeIgniter.php(936): App\Controllers\Sms->index()
#2 C:\Program Files\Ampps\richard-apps\relat-smsemail\system\CodeIgniter.php(432): CodeIgniter\CodeIgniter->runController(Object(App\Controllers\Sms))
#3 C:\Program Files\Ampps\richard-apps\relat-smsemail\system\CodeIgniter.php(333): CodeIgniter\CodeIgniter->handleRequest(NULL, Object(Config\Cache), false)
#4 C:\Program Files\Ampps\www\sms-email\index.php(44): CodeIgniter\CodeIgniter->run()
#5 {main}
